2023-04-01 16:01:14 - INFO  autoreload  26907 - Watching for file changes with StatReloader
2023-04-01 16:01:20 - INFO  basehttp  26907 - "POST /accounts/login/ HTTP/1.1" 200 12925
2023-04-01 16:02:10 - INFO  autoreload  26907 - /home/timur/PycharmProjects/Univer/Birthday_reminder/accounts/views.py changed, reloading.
2023-04-01 16:02:11 - INFO  autoreload  27439 - Watching for file changes with StatReloader
2023-04-01 16:02:49 - INFO  autoreload  27439 - /home/timur/PycharmProjects/Univer/Birthday_reminder/reminder_service/settings.py changed, reloading.
2023-04-01 16:02:50 - INFO  autoreload  27793 - Watching for file changes with StatReloader
2023-04-01 16:03:22 - INFO  autoreload  27793 - /home/timur/PycharmProjects/Univer/Birthday_reminder/reminder_service/settings.py changed, reloading.
2023-04-01 16:03:34,874 [INFO] django.utils.autoreload: Watching for file changes with StatReloader
2023-04-01 16:03:35,271 [INFO] pyrogram.crypto.aes: Using TgCrypto
2023-04-01 16:03:35,314 [DEBUG] asyncio: Using selector: EpollSelector
2023-04-01 16:04:14,545 [INFO] django.utils.autoreload: /home/timur/PycharmProjects/Univer/Birthday_reminder/reminder_service/settings.py changed, reloading.
2023-04-01 16:04:33 - INFO  autoreload  28591 - Watching for file changes with StatReloader
2023-04-01 16:04:33 - INFO  aes  28591 - Using TgCrypto
2023-04-01 16:04:33 - DEBUG  selector_events  28591 - Using selector: EpollSelector
2023-04-01 16:05:54 - WARNING  views  28591 - Wrong data
2023-04-01 16:07:55 - INFO  autoreload  28591 - /home/timur/PycharmProjects/Univer/Birthday_reminder/reminder_service/settings.py changed, reloading.
2023-04-01 16:07:55 - INFO  autoreload.run_with_reloader:677 - Watching for file changes with StatReloader
2023-04-01 16:07:56 - INFO  aes.<module>:26 - Using TgCrypto
2023-04-01 16:07:56 - DEBUG  selector_events.__init__:59 - Using selector: EpollSelector
2023-04-01 16:07:59 - WARNING  views.login_view:33 - Wrong data
2023-04-01 16:08:52 - INFO  autoreload.trigger_reload:266 - /home/timur/PycharmProjects/Univer/Birthday_reminder/accounts/views.py changed, reloading.
2023-04-01 16:08:53 - INFO  autoreload.run_with_reloader:677 - Watching for file changes with StatReloader
2023-04-01 16:08:54 - INFO  aes.<module>:26 - Using TgCrypto
2023-04-01 16:08:54 - DEBUG  selector_events.__init__:59 - Using selector: EpollSelector
2023-04-01 16:11:33 - INFO  autoreload.trigger_reload:266 - /home/timur/PycharmProjects/Univer/Birthday_reminder/reminder_service/settings.py changed, reloading.
2023-04-01 16:11:33 - INFO  autoreload.run_with_reloader:677 - Watching for file changes with StatReloader
2023-04-01 16:11:34 - INFO  aes.<module>:26 - Using TgCrypto
2023-04-01 16:22:27 - INFO  autoreload.trigger_reload:266 - /home/timur/PycharmProjects/Univer/Birthday_reminder/accounts/views.py changed, reloading.
2023-04-01 16:22:28 - INFO  autoreload.run_with_reloader:677 - Watching for file changes with StatReloader
2023-04-01 16:22:29 - INFO  aes.<module>:26 - Using TgCrypto
2023-04-01 16:22:32 - WARNING  views.login_view:32 - Unsuccessful login attempt for user razzakov334@gmail.com
2023-04-01 16:23:07 - INFO  autoreload.trigger_reload:266 - /home/timur/PycharmProjects/Univer/Birthday_reminder/accounts/views.py changed, reloading.
2023-04-01 16:23:08 - INFO  autoreload.run_with_reloader:677 - Watching for file changes with StatReloader
2023-04-01 16:23:08 - INFO  aes.<module>:26 - Using TgCrypto
2023-04-01 16:24:28 - INFO  views.login_view:30 - User razzakov334@gmail.com logged in successfully
2023-04-01 16:26:03 - INFO  autoreload.trigger_reload:266 - /home/timur/PycharmProjects/Univer/Birthday_reminder/accounts/views.py changed, reloading.
2023-04-01 16:26:04 - INFO  autoreload.run_with_reloader:677 - Watching for file changes with StatReloader
2023-04-01 16:26:04 - INFO  aes.<module>:26 - Using TgCrypto
2023-04-01 16:33:13 - INFO  autoreload.trigger_reload:266 - /home/timur/PycharmProjects/Univer/Birthday_reminder/accounts/views.py changed, reloading.
2023-04-01 16:33:15 - INFO  autoreload.run_with_reloader:677 - Watching for file changes with StatReloader
2023-04-01 16:33:15 - INFO  aes.<module>:26 - Using TgCrypto
2023-04-01 16:38:59 - INFO  autoreload.trigger_reload:266 - /home/timur/PycharmProjects/Univer/Birthday_reminder/congratulations/check_birthday.py changed, reloading.
2023-04-01 16:39:00 - INFO  autoreload.run_with_reloader:677 - Watching for file changes with StatReloader
2023-04-01 16:39:00 - INFO  aes.<module>:26 - Using TgCrypto
2023-04-01 16:39:44 - INFO  autoreload.trigger_reload:266 - /home/timur/PycharmProjects/Univer/Birthday_reminder/congratulations/check_birthday.py changed, reloading.
2023-04-01 16:39:44 - INFO  autoreload.run_with_reloader:677 - Watching for file changes with StatReloader
2023-04-01 16:39:45 - INFO  aes.<module>:26 - Using TgCrypto
2023-04-01 16:40:26 - INFO  autoreload.trigger_reload:266 - /home/timur/PycharmProjects/Univer/Birthday_reminder/congratulations/check_birthday.py changed, reloading.
2023-04-01 16:40:27 - INFO  autoreload.run_with_reloader:677 - Watching for file changes with StatReloader
2023-04-01 16:40:27 - INFO  aes.<module>:26 - Using TgCrypto
2023-04-01 16:41:21 - INFO  autoreload.trigger_reload:266 - /home/timur/PycharmProjects/Univer/Birthday_reminder/congratulations/check_holiday.py changed, reloading.
2023-04-01 16:41:22 - INFO  autoreload.run_with_reloader:677 - Watching for file changes with StatReloader
2023-04-01 16:41:22 - INFO  aes.<module>:26 - Using TgCrypto
2023-04-01 16:51:00 - INFO  autoreload.trigger_reload:266 - /home/timur/PycharmProjects/Univer/Birthday_reminder/congratulations/check_holiday.py changed, reloading.
2023-04-01 16:51:00 - INFO  autoreload.run_with_reloader:677 - Watching for file changes with StatReloader
2023-04-01 16:51:01 - INFO  aes.<module>:26 - Using TgCrypto
2023-04-01 16:52:16 - INFO  autoreload.trigger_reload:266 - /home/timur/PycharmProjects/Univer/Birthday_reminder/congratulations/check_holiday.py changed, reloading.
2023-04-01 16:52:17 - INFO  autoreload.run_with_reloader:677 - Watching for file changes with StatReloader
2023-04-01 16:52:17 - INFO  aes.<module>:26 - Using TgCrypto
2023-04-01 16:52:27 - INFO  autoreload.trigger_reload:266 - /home/timur/PycharmProjects/Univer/Birthday_reminder/congratulations/check_holiday.py changed, reloading.
2023-04-01 16:52:28 - INFO  autoreload.run_with_reloader:677 - Watching for file changes with StatReloader
2023-04-01 16:52:28 - INFO  aes.<module>:26 - Using TgCrypto
2023-04-01 16:54:18 - INFO  autoreload.trigger_reload:266 - /home/timur/PycharmProjects/Univer/Birthday_reminder/congratulations/check_holiday.py changed, reloading.
2023-04-01 16:54:19 - INFO  autoreload.run_with_reloader:677 - Watching for file changes with StatReloader
2023-04-01 16:54:20 - INFO  aes.<module>:26 - Using TgCrypto
2023-04-01 16:55:30 - INFO  autoreload.trigger_reload:266 - /home/timur/PycharmProjects/Univer/Birthday_reminder/congratulations/check_holiday.py changed, reloading.
2023-04-01 16:55:31 - INFO  autoreload.run_with_reloader:677 - Watching for file changes with StatReloader
2023-04-01 16:55:31 - INFO  aes.<module>:26 - Using TgCrypto
2023-04-01 16:55:45 - INFO  autoreload.trigger_reload:266 - /home/timur/PycharmProjects/Univer/Birthday_reminder/congratulations/check_holiday.py changed, reloading.
2023-04-01 16:55:46 - INFO  autoreload.run_with_reloader:677 - Watching for file changes with StatReloader
2023-04-01 16:55:46 - INFO  aes.<module>:26 - Using TgCrypto
2023-04-01 16:56:20 - INFO  autoreload.trigger_reload:266 - /home/timur/PycharmProjects/Univer/Birthday_reminder/congratulations/check_holiday.py changed, reloading.
2023-04-01 16:56:21 - INFO  autoreload.run_with_reloader:677 - Watching for file changes with StatReloader
2023-04-01 16:56:21 - INFO  aes.<module>:26 - Using TgCrypto
2023-04-01 16:56:50 - INFO  autoreload.trigger_reload:266 - /home/timur/PycharmProjects/Univer/Birthday_reminder/congratulations/check_holiday.py changed, reloading.
2023-04-01 16:56:50 - INFO  autoreload.run_with_reloader:677 - Watching for file changes with StatReloader
2023-04-01 16:56:51 - INFO  aes.<module>:26 - Using TgCrypto
2023-04-01 16:57:23 - INFO  autoreload.trigger_reload:266 - /home/timur/PycharmProjects/Univer/Birthday_reminder/congratulations/check_holiday.py changed, reloading.
2023-04-01 16:57:23 - INFO  autoreload.run_with_reloader:677 - Watching for file changes with StatReloader
2023-04-01 16:57:24 - INFO  aes.<module>:26 - Using TgCrypto
2023-04-01 16:57:45 - INFO  autoreload.trigger_reload:266 - /home/timur/PycharmProjects/Univer/Birthday_reminder/congratulations/delete_old_data.py changed, reloading.
2023-04-01 16:57:46 - INFO  autoreload.run_with_reloader:677 - Watching for file changes with StatReloader
2023-04-01 16:57:46 - INFO  aes.<module>:26 - Using TgCrypto
2023-04-01 16:58:31 - INFO  autoreload.trigger_reload:266 - /home/timur/PycharmProjects/Univer/Birthday_reminder/congratulations/delete_old_data.py changed, reloading.
2023-04-01 16:58:31 - INFO  autoreload.run_with_reloader:677 - Watching for file changes with StatReloader
2023-04-01 16:58:32 - INFO  aes.<module>:26 - Using TgCrypto
2023-04-01 16:58:48 - INFO  autoreload.trigger_reload:266 - /home/timur/PycharmProjects/Univer/Birthday_reminder/congratulations/delete_old_data.py changed, reloading.
2023-04-01 16:58:48 - INFO  autoreload.run_with_reloader:677 - Watching for file changes with StatReloader
2023-04-01 16:58:49 - INFO  aes.<module>:26 - Using TgCrypto
2023-04-01 16:59:03 - INFO  autoreload.trigger_reload:266 - /home/timur/PycharmProjects/Univer/Birthday_reminder/congratulations/delete_old_data.py changed, reloading.
2023-04-01 16:59:04 - INFO  autoreload.run_with_reloader:677 - Watching for file changes with StatReloader
2023-04-01 16:59:04 - INFO  aes.<module>:26 - Using TgCrypto
2023-04-01 17:01:50 - INFO  autoreload.trigger_reload:266 - /home/timur/PycharmProjects/Univer/Birthday_reminder/congratulations/delete_old_data.py changed, reloading.
2023-04-01 17:01:50 - INFO  autoreload.run_with_reloader:677 - Watching for file changes with StatReloader
2023-04-01 17:01:51 - INFO  aes.<module>:26 - Using TgCrypto
2023-04-01 17:03:58 - INFO  autoreload.trigger_reload:266 - /home/timur/PycharmProjects/Univer/Birthday_reminder/reminder/tasks.py changed, reloading.
2023-04-01 17:03:58 - INFO  autoreload.run_with_reloader:677 - Watching for file changes with StatReloader
2023-04-01 17:03:59 - INFO  aes.<module>:26 - Using TgCrypto
2023-04-01 17:05:43 - INFO  autoreload.trigger_reload:266 - /home/timur/PycharmProjects/Univer/Birthday_reminder/reminder/tasks.py changed, reloading.
2023-04-01 17:05:43 - INFO  autoreload.run_with_reloader:677 - Watching for file changes with StatReloader
2023-04-01 17:05:44 - INFO  aes.<module>:26 - Using TgCrypto
2023-04-01 17:08:08 - INFO  autoreload.trigger_reload:266 - /home/timur/PycharmProjects/Univer/Birthday_reminder/reminder/tasks.py changed, reloading.
2023-04-01 17:08:08 - INFO  autoreload.run_with_reloader:677 - Watching for file changes with StatReloader
2023-04-01 17:08:09 - INFO  aes.<module>:26 - Using TgCrypto
2023-04-01 17:08:53 - INFO  autoreload.trigger_reload:266 - /home/timur/PycharmProjects/Univer/Birthday_reminder/reminder/tasks.py changed, reloading.
2023-04-01 17:08:54 - INFO  autoreload.run_with_reloader:677 - Watching for file changes with StatReloader
2023-04-01 17:08:54 - INFO  aes.<module>:26 - Using TgCrypto
2023-04-01 17:24:47 - INFO  autoreload.trigger_reload:266 - /home/timur/PycharmProjects/Univer/Birthday_reminder/reminder/tasks.py changed, reloading.
2023-04-01 17:24:48 - INFO  autoreload.run_with_reloader:677 - Watching for file changes with StatReloader
2023-04-01 17:24:49 - INFO  aes.<module>:26 - Using TgCrypto
2023-04-01 17:27:28 - INFO  autoreload.trigger_reload:266 - /home/timur/PycharmProjects/Univer/Birthday_reminder/reminder/views.py changed, reloading.
2023-04-01 17:27:28 - INFO  autoreload.run_with_reloader:677 - Watching for file changes with StatReloader
2023-04-01 17:27:29 - INFO  aes.<module>:26 - Using TgCrypto
2023-04-01 17:28:52 - INFO  autoreload.trigger_reload:266 - /home/timur/PycharmProjects/Univer/Birthday_reminder/reminder/views.py changed, reloading.
2023-04-01 17:28:53 - INFO  autoreload.run_with_reloader:677 - Watching for file changes with StatReloader
2023-04-01 17:28:53 - INFO  aes.<module>:26 - Using TgCrypto
2023-04-01 17:31:16 - INFO  autoreload.trigger_reload:266 - /home/timur/PycharmProjects/Univer/Birthday_reminder/reminder/views.py changed, reloading.
2023-04-01 17:31:17 - INFO  autoreload.run_with_reloader:677 - Watching for file changes with StatReloader
2023-04-01 17:31:17 - INFO  aes.<module>:26 - Using TgCrypto
2023-04-01 17:33:35 - INFO  autoreload.trigger_reload:266 - /home/timur/PycharmProjects/Univer/Birthday_reminder/reminder/views.py changed, reloading.
2023-04-01 17:33:36 - INFO  autoreload.run_with_reloader:677 - Watching for file changes with StatReloader
2023-04-01 17:33:37 - INFO  aes.<module>:26 - Using TgCrypto
2023-04-01 17:34:20 - INFO  autoreload.trigger_reload:266 - /home/timur/PycharmProjects/Univer/Birthday_reminder/reminder/views.py changed, reloading.
2023-04-01 17:34:21 - INFO  autoreload.run_with_reloader:677 - Watching for file changes with StatReloader
2023-04-01 17:34:21 - INFO  aes.<module>:26 - Using TgCrypto
2023-04-01 17:35:07 - INFO  autoreload.trigger_reload:266 - /home/timur/PycharmProjects/Univer/Birthday_reminder/reminder/views.py changed, reloading.
2023-04-01 17:35:08 - INFO  autoreload.run_with_reloader:677 - Watching for file changes with StatReloader
2023-04-01 17:35:08 - INFO  aes.<module>:26 - Using TgCrypto
2023-04-01 17:41:01 - INFO  autoreload.trigger_reload:266 - /home/timur/PycharmProjects/Univer/Birthday_reminder/reminder_service/settings.py changed, reloading.
2023-04-01 17:41:02 - INFO  autoreload.run_with_reloader:677 - Watching for file changes with StatReloader
2023-04-01 17:41:02 - INFO  aes.<module>:26 - Using TgCrypto
2023-04-01 17:42:12 - ERROR  log.log_response:241 - Internal Server Error: /add_mailing/
Traceback (most recent call last):
  File "/home/timur/PycharmProjects/Univer/Birthday_reminder/venv/lib/python3.8/site-packages/django/core/handlers/exception.py", line 56, in inner
    response = get_response(request)
  File "/home/timur/PycharmProjects/Univer/Birthday_reminder/venv/lib/python3.8/site-packages/django/core/handlers/base.py", line 197, in _get_response
    response = wrapped_callback(request, *callback_args, **callback_kwargs)
  File "/home/timur/PycharmProjects/Univer/Birthday_reminder/reminder/views.py", line 88, in add_mailing_view
    name = MultipleImage.objects.create(image=image)
  File "/home/timur/PycharmProjects/Univer/Birthday_reminder/venv/lib/python3.8/site-packages/django/db/models/manager.py", line 85, in manager_method
    return getattr(self.get_queryset(), name)(*args, **kwargs)
  File "/home/timur/PycharmProjects/Univer/Birthday_reminder/venv/lib/python3.8/site-packages/django/db/models/query.py", line 671, in create
    obj.save(force_insert=True, using=self.db)
  File "/home/timur/PycharmProjects/Univer/Birthday_reminder/venv/lib/python3.8/site-packages/django/db/models/base.py", line 812, in save
    self.save_base(
  File "/home/timur/PycharmProjects/Univer/Birthday_reminder/venv/lib/python3.8/site-packages/django/db/models/base.py", line 863, in save_base
    updated = self._save_table(
  File "/home/timur/PycharmProjects/Univer/Birthday_reminder/venv/lib/python3.8/site-packages/django/db/models/base.py", line 1006, in _save_table
    results = self._do_insert(
  File "/home/timur/PycharmProjects/Univer/Birthday_reminder/venv/lib/python3.8/site-packages/django/db/models/base.py", line 1047, in _do_insert
    return manager._insert(
  File "/home/timur/PycharmProjects/Univer/Birthday_reminder/venv/lib/python3.8/site-packages/django/db/models/manager.py", line 85, in manager_method
    return getattr(self.get_queryset(), name)(*args, **kwargs)
  File "/home/timur/PycharmProjects/Univer/Birthday_reminder/venv/lib/python3.8/site-packages/django/db/models/query.py", line 1791, in _insert
    return query.get_compiler(using=using).execute_sql(returning_fields)
  File "/home/timur/PycharmProjects/Univer/Birthday_reminder/venv/lib/python3.8/site-packages/django/db/models/sql/compiler.py", line 1659, in execute_sql
    for sql, params in self.as_sql():
  File "/home/timur/PycharmProjects/Univer/Birthday_reminder/venv/lib/python3.8/site-packages/django/db/models/sql/compiler.py", line 1583, in as_sql
    value_rows = [
  File "/home/timur/PycharmProjects/Univer/Birthday_reminder/venv/lib/python3.8/site-packages/django/db/models/sql/compiler.py", line 1584, in <listcomp>
    [
  File "/home/timur/PycharmProjects/Univer/Birthday_reminder/venv/lib/python3.8/site-packages/django/db/models/sql/compiler.py", line 1585, in <listcomp>
    self.prepare_value(field, self.pre_save_val(field, obj))
  File "/home/timur/PycharmProjects/Univer/Birthday_reminder/venv/lib/python3.8/site-packages/django/db/models/sql/compiler.py", line 1533, in pre_save_val
    return field.pre_save(obj, add=True)
  File "/home/timur/PycharmProjects/Univer/Birthday_reminder/venv/lib/python3.8/site-packages/django/db/models/fields/files.py", line 315, in pre_save
    file.save(file.name, file.file, save=False)
  File "/home/timur/PycharmProjects/Univer/Birthday_reminder/venv/lib/python3.8/site-packages/django/db/models/fields/files.py", line 92, in save
    self.name = self.storage.save(name, content, max_length=self.field.max_length)
  File "/home/timur/PycharmProjects/Univer/Birthday_reminder/venv/lib/python3.8/site-packages/django/core/files/storage.py", line 56, in save
    name = self._save(name, content)
  File "/home/timur/PycharmProjects/Univer/Birthday_reminder/venv/lib/python3.8/site-packages/django/core/files/storage.py", line 295, in _save
    os.makedirs(directory, exist_ok=True)
  File "/usr/lib/python3.8/os.py", line 213, in makedirs
    makedirs(head, exist_ok=exist_ok)
  File "/usr/lib/python3.8/os.py", line 213, in makedirs
    makedirs(head, exist_ok=exist_ok)
  File "/usr/lib/python3.8/os.py", line 213, in makedirs
    makedirs(head, exist_ok=exist_ok)
  [Previous line repeated 2 more times]
  File "/usr/lib/python3.8/os.py", line 223, in makedirs
    mkdir(name, mode)
PermissionError: [Errno 13] Permission denied: '/code'
2023-04-01 17:42:23 - INFO  autoreload.trigger_reload:266 - /home/timur/PycharmProjects/Univer/Birthday_reminder/reminder_service/settings.py changed, reloading.
2023-04-01 17:42:23 - INFO  autoreload.run_with_reloader:677 - Watching for file changes with StatReloader
2023-04-01 17:42:24 - INFO  aes.<module>:26 - Using TgCrypto
2023-04-01 17:42:44 - INFO  views.add_mailing_view:92 - Commercial offer saved
2023-04-01 17:43:34 - WARNING  views.add_holiday_view:172 -  KZ has been added
2023-04-01 17:43:58 - INFO  autoreload.trigger_reload:266 - /home/timur/PycharmProjects/Univer/Birthday_reminder/reminder/views.py changed, reloading.
2023-04-01 17:43:59 - INFO  autoreload.run_with_reloader:677 - Watching for file changes with StatReloader
2023-04-01 17:44:00 - INFO  aes.<module>:26 - Using TgCrypto
