2023-04-14 15:03:11 - INFO  auth.create:82 - Start creating a new auth key on DC2
2023-04-14 15:03:11 - INFO  connection.connect:47 - Connecting...
2023-04-14 15:03:11 - INFO  connection.connect:54 - Connected! Production DC2 - IPv4
2023-04-14 15:03:13 - INFO  auth.create:267 - Done auth key exchange: DhGenOk
2023-04-14 15:03:13 - INFO  connection.close:66 - Disconnected
2023-04-14 15:03:13 - INFO  connection.connect:47 - Connecting...
2023-04-14 15:03:13 - INFO  connection.connect:54 - Connected! Production DC2 - IPv4
2023-04-14 15:03:13 - INFO  session.recv_worker:294 - NetworkTask started
2023-04-14 15:03:14 - INFO  session.start:139 - Session initialized: Layer 152
2023-04-14 15:03:14 - INFO  session.start:140 - Device: CPython 3.8.10 - Pyrogram 2.0.102
2023-04-14 15:03:14 - INFO  session.start:141 - System: Linux 5.15.0-69-generic (en)
2023-04-14 15:03:14 - INFO  session.start:155 - Session started
2023-04-14 15:03:14 - INFO  session.ping_worker:272 - PingTask started
2023-04-14 15:03:52 - INFO  auth.create:82 - Start creating a new auth key on DC2
2023-04-14 15:03:52 - INFO  connection.connect:47 - Connecting...
2023-04-14 15:03:52 - INFO  connection.connect:54 - Connected! Production DC2 - IPv4
2023-04-14 15:03:54 - INFO  auth.create:267 - Done auth key exchange: DhGenOk
2023-04-14 15:03:54 - INFO  connection.close:66 - Disconnected
2023-04-14 15:03:54 - INFO  connection.connect:47 - Connecting...
2023-04-14 15:03:54 - INFO  connection.connect:54 - Connected! Production DC2 - IPv4
2023-04-14 15:03:54 - INFO  session.recv_worker:294 - NetworkTask started
2023-04-14 15:03:55 - INFO  session.start:139 - Session initialized: Layer 152
2023-04-14 15:03:55 - INFO  session.start:140 - Device: CPython 3.8.10 - Pyrogram 2.0.102
2023-04-14 15:03:55 - INFO  session.start:141 - System: Linux 5.15.0-69-generic (en)
2023-04-14 15:03:55 - INFO  session.start:155 - Session started
2023-04-14 15:03:55 - INFO  session.ping_worker:272 - PingTask started
2023-04-14 15:35:10 - INFO  autoreload.run_with_reloader:677 - Watching for file changes with StatReloader
2023-04-14 15:35:11 - INFO  aes.<module>:26 - Using TgCrypto
2023-04-14 15:35:14 - WARNING  log.log_response:241 - Not Found: /favicon.ico
2023-04-14 15:35:17 - WARNING  views.login_view:33 - Unsuccessful login attempt for user None
2023-04-14 15:35:26 - WARNING  views.login_view:33 - Unsuccessful login attempt for user razzako334@gmail.com
2023-04-14 15:35:30 - WARNING  views.login_view:33 - Unsuccessful login attempt for user razzako334@gmail.com
2023-04-14 15:38:13 - INFO  aes.<module>:26 - Using TgCrypto
2023-04-14 15:38:36 - INFO  autoreload.run_with_reloader:677 - Watching for file changes with StatReloader
2023-04-14 15:38:36 - INFO  aes.<module>:26 - Using TgCrypto
2023-04-14 15:38:40 - WARNING  views.login_view:33 - Unsuccessful login attempt for user None
2023-04-14 15:38:55 - WARNING  views.login_view:33 - Unsuccessful login attempt for user razzako334@gmail.com
2023-04-14 15:39:06 - WARNING  views.login_view:33 - Unsuccessful login attempt for user razzako334@gmail.com
2023-04-14 15:39:11 - WARNING  views.login_view:33 - Unsuccessful login attempt for user razzako334@gmail.com
2023-04-14 15:39:19 - WARNING  views.login_view:33 - Unsuccessful login attempt for user razzako334@gmail.com
2023-04-14 15:39:30 - WARNING  views.login_view:33 - Unsuccessful login attempt for user razzako334@gmail.com
2023-04-14 15:39:39 - INFO  aes.<module>:26 - Using TgCrypto
2023-04-14 15:39:53 - INFO  aes.<module>:26 - Using TgCrypto
2023-04-14 15:40:37 - INFO  autoreload.run_with_reloader:677 - Watching for file changes with StatReloader
2023-04-14 15:40:37 - INFO  aes.<module>:26 - Using TgCrypto
2023-04-14 15:40:40 - INFO  views.login_view:30 - User razz@gmail.com logged in successfully
2023-04-14 19:05:53 - INFO  autoreload.trigger_reload:266 - /home/timur/PycharmProjects/Univer/Birthday_reminder/reminder_service/settings.py changed, reloading.
2023-04-14 19:05:58 - INFO  autoreload.run_with_reloader:677 - Watching for file changes with StatReloader
2023-04-14 19:06:00 - INFO  aes.<module>:26 - Using TgCrypto
2023-04-14 19:06:11 - INFO  autoreload.trigger_reload:266 - /home/timur/PycharmProjects/Univer/Birthday_reminder/reminder_service/settings.py changed, reloading.
2023-04-14 19:06:12 - INFO  autoreload.run_with_reloader:677 - Watching for file changes with StatReloader
2023-04-14 19:06:12 - INFO  aes.<module>:26 - Using TgCrypto
2023-04-14 19:10:01 - INFO  autoreload.trigger_reload:266 - /home/timur/PycharmProjects/Univer/Birthday_reminder/reminder_service/settings.py changed, reloading.
2023-04-14 19:10:02 - INFO  autoreload.run_with_reloader:677 - Watching for file changes with StatReloader
2023-04-14 19:10:02 - INFO  aes.<module>:26 - Using TgCrypto
2023-04-14 19:10:08 - INFO  autoreload.trigger_reload:266 - /home/timur/PycharmProjects/Univer/Birthday_reminder/reminder_service/settings.py changed, reloading.
2023-04-14 19:10:09 - INFO  autoreload.run_with_reloader:677 - Watching for file changes with StatReloader
2023-04-14 19:10:10 - INFO  aes.<module>:26 - Using TgCrypto
2023-04-14 19:29:36 - INFO  autoreload.trigger_reload:266 - /home/timur/PycharmProjects/Univer/Birthday_reminder/reminder_service/settings.py changed, reloading.
2023-04-14 19:29:37 - INFO  autoreload.run_with_reloader:677 - Watching for file changes with StatReloader
2023-04-14 19:30:19 - INFO  autoreload.run_with_reloader:677 - Watching for file changes with StatReloader
2023-04-14 19:30:19 - INFO  aes.<module>:26 - Using TgCrypto
2023-04-14 19:38:48 - INFO  autoreload.trigger_reload:266 - /home/timur/PycharmProjects/Univer/Birthday_reminder/reminder_service/settings.py changed, reloading.
2023-04-14 19:38:49 - INFO  autoreload.run_with_reloader:677 - Watching for file changes with StatReloader
2023-04-14 19:38:50 - INFO  aes.<module>:26 - Using TgCrypto
2023-04-14 19:38:52 - INFO  autoreload.run_with_reloader:677 - Watching for file changes with StatReloader
2023-04-14 19:38:52 - INFO  aes.<module>:26 - Using TgCrypto
2023-04-14 19:39:04 - INFO  autoreload.trigger_reload:266 - /home/timur/PycharmProjects/Univer/Birthday_reminder/reminder_service/settings.py changed, reloading.
2023-04-14 19:39:05 - INFO  autoreload.run_with_reloader:677 - Watching for file changes with StatReloader
2023-04-14 19:39:07 - INFO  autoreload.run_with_reloader:677 - Watching for file changes with StatReloader
2023-04-14 19:39:07 - INFO  aes.<module>:26 - Using TgCrypto
2023-04-14 19:39:14 - INFO  autoreload.trigger_reload:266 - /home/timur/PycharmProjects/Univer/Birthday_reminder/reminder_service/settings.py changed, reloading.
2023-04-14 19:39:15 - INFO  autoreload.run_with_reloader:677 - Watching for file changes with StatReloader
2023-04-14 19:39:15 - INFO  aes.<module>:26 - Using TgCrypto
2023-04-14 19:39:22 - INFO  autoreload.trigger_reload:266 - /home/timur/PycharmProjects/Univer/Birthday_reminder/reminder_service/settings.py changed, reloading.
2023-04-14 19:39:23 - INFO  autoreload.run_with_reloader:677 - Watching for file changes with StatReloader
2023-04-14 19:39:24 - INFO  aes.<module>:26 - Using TgCrypto
2023-04-14 19:40:38 - INFO  autoreload.trigger_reload:266 - /home/timur/PycharmProjects/Univer/Birthday_reminder/reminder_service/settings.py changed, reloading.
2023-04-14 19:40:41 - INFO  autoreload.run_with_reloader:677 - Watching for file changes with StatReloader
2023-04-14 19:40:41 - INFO  aes.<module>:26 - Using TgCrypto
2023-04-14 20:43:46 - INFO  autoreload.run_with_reloader:677 - Watching for file changes with StatReloader
2023-04-14 20:43:48 - INFO  aes.<module>:26 - Using TgCrypto
2023-04-14 20:44:00 - WARNING  log.log_response:241 - Not Found: /static/ckeditor/ckeditor/ckeditor.js
2023-04-14 20:44:02 - WARNING  log.log_response:241 - Not Found: /media/media/2023/04/06/20220929-JohnstonWater_ROW9826697684_UHD_Sa7LkJT.jpg
2023-04-14 20:44:02 - WARNING  log.log_response:241 - Not Found: /media/media/2023/04/06/20220928-FosterCoveredBridge_ROW3714660823_UHD_AKmSd7O.jpg
2023-04-14 21:01:27 - INFO  autoreload.trigger_reload:266 - /home/timur/PycharmProjects/Univer/Birthday_reminder/reminder_service/settings.py changed, reloading.
2023-04-14 21:01:32 - INFO  autoreload.run_with_reloader:677 - Watching for file changes with StatReloader
2023-04-14 21:01:35 - INFO  aes.<module>:26 - Using TgCrypto
2023-04-14 21:02:12 - INFO  autoreload.trigger_reload:266 - /home/timur/PycharmProjects/Univer/Birthday_reminder/reminder_service/settings.py changed, reloading.
2023-04-14 21:02:13 - INFO  autoreload.run_with_reloader:677 - Watching for file changes with StatReloader
2023-04-14 21:02:13 - INFO  aes.<module>:26 - Using TgCrypto
2023-04-14 23:27:47 - INFO  autoreload.run_with_reloader:677 - Watching for file changes with StatReloader
2023-04-14 23:28:14 - INFO  autoreload.trigger_reload:266 - /home/timur/PycharmProjects/Univer/Birthday_reminder/reminder_service/urls.py changed, reloading.
2023-04-14 23:28:15 - INFO  autoreload.run_with_reloader:677 - Watching for file changes with StatReloader
2023-04-14 23:28:19 - INFO  autoreload.run_with_reloader:677 - Watching for file changes with StatReloader
2023-04-14 23:28:19 - INFO  aes.<module>:26 - Using TgCrypto
