2023-04-04 23:16:35 - INFO  autoreload.run_with_reloader:677 - Watching for file changes with StatReloader
2023-04-04 23:16:37 - INFO  aes.<module>:26 - Using TgCrypto
2023-04-04 23:16:41 - WARNING  log.log_response:241 - Not Found: /favicon.ico
2023-04-04 23:18:12 - INFO  autoreload.trigger_reload:266 - /home/timur/PycharmProjects/Univer/Birthday_reminder/telegram_bot/user_bot.py changed, reloading.
2023-04-04 23:18:13 - INFO  autoreload.run_with_reloader:677 - Watching for file changes with StatReloader
2023-04-04 23:18:14 - INFO  aes.<module>:26 - Using TgCrypto
2023-04-04 23:43:47 - INFO  autoreload.trigger_reload:266 - /home/timur/PycharmProjects/Univer/Birthday_reminder/telegram_bot/user_bot.py changed, reloading.
2023-04-04 23:45:58 - INFO  auth.create:82 - Start creating a new auth key on DC2
2023-04-04 23:45:58 - INFO  connection.connect:47 - Connecting...
2023-04-04 23:45:58 - INFO  connection.connect:54 - Connected! Production DC2 - IPv4
2023-04-04 23:46:00 - INFO  auth.create:267 - Done auth key exchange: DhGenOk
2023-04-04 23:46:00 - INFO  connection.close:66 - Disconnected
2023-04-04 23:46:00 - INFO  connection.connect:47 - Connecting...
2023-04-04 23:46:10 - WARNING  connection.connect:50 - Unable to connect due to network issues: Connection timed out
2023-04-04 23:46:11 - INFO  connection.connect:47 - Connecting...
2023-04-04 23:46:11 - INFO  connection.connect:54 - Connected! Production DC2 - IPv4
2023-04-04 23:46:11 - INFO  session.recv_worker:294 - NetworkTask started
2023-04-04 23:46:12 - INFO  session.start:139 - Session initialized: Layer 152
2023-04-04 23:46:12 - INFO  session.start:140 - Device: CPython 3.8.10 - Pyrogram 2.0.102
2023-04-04 23:46:12 - INFO  session.start:141 - System: Linux 5.15.0-67-generic (en)
2023-04-04 23:46:12 - INFO  session.start:155 - Session started
2023-04-04 23:46:12 - INFO  session.ping_worker:272 - PingTask started
